<?xml version="1.0" encoding="UTF-8"?>
<testsuite xmlns:xsi="http://www.w3.org/2001/XMLSchema-instance" xsi:noNamespaceSchemaLocation="https://maven.apache.org/surefire/maven-surefire-plugin/xsd/surefire-test-report-3.0.xsd" version="3.0" name="com.function.kms.FunctionTest" time="0.465" tests="1" errors="0" skipped="0" failures="0">
  <properties>
    <property name="java.specification.version" value="17"/>
    <property name="sun.cpu.isalist" value="amd64"/>
    <property name="sun.jnu.encoding" value="MS949"/>
    <property name="java.class.path" value="D:\GIT\PROJECT\Azure\Functions\Java\target\test-classes;D:\GIT\PROJECT\Azure\Functions\Java\target\classes;C:\Users\MZC01-MINSEO_KIM89\.m2\repository\com\microsoft\azure\functions\azure-functions-java-library\3.1.0\azure-functions-java-library-3.1.0.jar;C:\Users\MZC01-MINSEO_KIM89\.m2\repository\com\microsoft\azure\functions\azure-functions-java-core-library\1.2.0\azure-functions-java-core-library-1.2.0.jar;C:\Users\MZC01-MINSEO_KIM89\.m2\repository\org\junit\jupiter\junit-jupiter\5.4.2\junit-jupiter-5.4.2.jar;C:\Users\MZC01-MINSEO_KIM89\.m2\repository\org\junit\jupiter\junit-jupiter-api\5.4.2\junit-jupiter-api-5.4.2.jar;C:\Users\MZC01-MINSEO_KIM89\.m2\repository\org\apiguardian\apiguardian-api\1.0.0\apiguardian-api-1.0.0.jar;C:\Users\MZC01-MINSEO_KIM89\.m2\repository\org\opentest4j\opentest4j\1.1.1\opentest4j-1.1.1.jar;C:\Users\MZC01-MINSEO_KIM89\.m2\repository\org\junit\platform\junit-platform-commons\1.4.2\junit-platform-commons-1.4.2.jar;C:\Users\MZC01-MINSEO_KIM89\.m2\repository\org\junit\jupiter\junit-jupiter-params\5.4.2\junit-jupiter-params-5.4.2.jar;C:\Users\MZC01-MINSEO_KIM89\.m2\repository\org\junit\jupiter\junit-jupiter-engine\5.4.2\junit-jupiter-engine-5.4.2.jar;C:\Users\MZC01-MINSEO_KIM89\.m2\repository\org\junit\platform\junit-platform-engine\1.4.2\junit-platform-engine-1.4.2.jar;C:\Users\MZC01-MINSEO_KIM89\.m2\repository\org\mockito\mockito-core\2.23.4\mockito-core-2.23.4.jar;C:\Users\MZC01-MINSEO_KIM89\.m2\repository\net\bytebuddy\byte-buddy\1.9.3\byte-buddy-1.9.3.jar;C:\Users\MZC01-MINSEO_KIM89\.m2\repository\net\bytebuddy\byte-buddy-agent\1.9.3\byte-buddy-agent-1.9.3.jar;C:\Users\MZC01-MINSEO_KIM89\.m2\repository\org\objenesis\objenesis\2.6\objenesis-2.6.jar;C:\Users\MZC01-MINSEO_KIM89\.m2\repository\com\microsoft\azure\azure-storage\8.6.5\azure-storage-8.6.5.jar;C:\Users\MZC01-MINSEO_KIM89\.m2\repository\org\slf4j\slf4j-api\1.7.12\slf4j-api-1.7.12.jar;C:\Users\MZC01-MINSEO_KIM89\.m2\repository\org\apache\commons\commons-lang3\3.4\commons-lang3-3.4.jar;C:\Users\MZC01-MINSEO_KIM89\.m2\repository\com\microsoft\azure\azure-keyvault-core\1.0.0\azure-keyvault-core-1.0.0.jar;C:\Users\MZC01-MINSEO_KIM89\.m2\repository\com\google\guava\guava\20.0\guava-20.0.jar;C:\Users\MZC01-MINSEO_KIM89\.m2\repository\net\coobird\thumbnailator\0.4.8\thumbnailator-0.4.8.jar;C:\Users\MZC01-MINSEO_KIM89\.m2\repository\com\azure\azure-storage-blob\12.25.3\azure-storage-blob-12.25.3.jar;C:\Users\MZC01-MINSEO_KIM89\.m2\repository\com\azure\azure-core\1.47.0\azure-core-1.47.0.jar;C:\Users\MZC01-MINSEO_KIM89\.m2\repository\com\azure\azure-json\1.1.0\azure-json-1.1.0.jar;C:\Users\MZC01-MINSEO_KIM89\.m2\repository\io\projectreactor\reactor-core\3.4.34\reactor-core-3.4.34.jar;C:\Users\MZC01-MINSEO_KIM89\.m2\repository\org\reactivestreams\reactive-streams\1.0.4\reactive-streams-1.0.4.jar;C:\Users\MZC01-MINSEO_KIM89\.m2\repository\com\azure\azure-core-http-netty\1.14.1\azure-core-http-netty-1.14.1.jar;C:\Users\MZC01-MINSEO_KIM89\.m2\repository\io\netty\netty-handler\4.1.101.Final\netty-handler-4.1.101.Final.jar;C:\Users\MZC01-MINSEO_KIM89\.m2\repository\io\netty\netty-resolver\4.1.101.Final\netty-resolver-4.1.101.Final.jar;C:\Users\MZC01-MINSEO_KIM89\.m2\repository\io\netty\netty-transport\4.1.101.Final\netty-transport-4.1.101.Final.jar;C:\Users\MZC01-MINSEO_KIM89\.m2\repository\io\netty\netty-handler-proxy\4.1.101.Final\netty-handler-proxy-4.1.101.Final.jar;C:\Users\MZC01-MINSEO_KIM89\.m2\repository\io\netty\netty-codec-socks\4.1.101.Final\netty-codec-socks-4.1.101.Final.jar;C:\Users\MZC01-MINSEO_KIM89\.m2\repository\io\netty\netty-buffer\4.1.101.Final\netty-buffer-4.1.101.Final.jar;C:\Users\MZC01-MINSEO_KIM89\.m2\repository\io\netty\netty-codec\4.1.101.Final\netty-codec-4.1.101.Final.jar;C:\Users\MZC01-MINSEO_KIM89\.m2\repository\io\netty\netty-codec-http\4.1.101.Final\netty-codec-http-4.1.101.Final.jar;C:\Users\MZC01-MINSEO_KIM89\.m2\repository\io\netty\netty-codec-http2\4.1.101.Final\netty-codec-http2-4.1.101.Final.jar;C:\Users\MZC01-MINSEO_KIM89\.m2\repository\io\netty\netty-transport-native-unix-common\4.1.101.Final\netty-transport-native-unix-common-4.1.101.Final.jar;C:\Users\MZC01-MINSEO_KIM89\.m2\repository\io\netty\netty-transport-native-epoll\4.1.101.Final\netty-transport-native-epoll-4.1.101.Final-linux-x86_64.jar;C:\Users\MZC01-MINSEO_KIM89\.m2\repository\io\netty\netty-transport-classes-epoll\4.1.101.Final\netty-transport-classes-epoll-4.1.101.Final.jar;C:\Users\MZC01-MINSEO_KIM89\.m2\repository\io\netty\netty-transport-native-kqueue\4.1.101.Final\netty-transport-native-kqueue-4.1.101.Final-osx-x86_64.jar;C:\Users\MZC01-MINSEO_KIM89\.m2\repository\io\netty\netty-transport-classes-kqueue\4.1.101.Final\netty-transport-classes-kqueue-4.1.101.Final.jar;C:\Users\MZC01-MINSEO_KIM89\.m2\repository\io\netty\netty-tcnative-boringssl-static\2.0.62.Final\netty-tcnative-boringssl-static-2.0.62.Final.jar;C:\Users\MZC01-MINSEO_KIM89\.m2\repository\io\netty\netty-tcnative-classes\2.0.62.Final\netty-tcnative-classes-2.0.62.Final.jar;C:\Users\MZC01-MINSEO_KIM89\.m2\repository\io\netty\netty-tcnative-boringssl-static\2.0.62.Final\netty-tcnative-boringssl-static-2.0.62.Final-linux-x86_64.jar;C:\Users\MZC01-MINSEO_KIM89\.m2\repository\io\netty\netty-tcnative-boringssl-static\2.0.62.Final\netty-tcnative-boringssl-static-2.0.62.Final-linux-aarch_64.jar;C:\Users\MZC01-MINSEO_KIM89\.m2\repository\io\netty\netty-tcnative-boringssl-static\2.0.62.Final\netty-tcnative-boringssl-static-2.0.62.Final-osx-x86_64.jar;C:\Users\MZC01-MINSEO_KIM89\.m2\repository\io\netty\netty-tcnative-boringssl-static\2.0.62.Final\netty-tcnative-boringssl-static-2.0.62.Final-osx-aarch_64.jar;C:\Users\MZC01-MINSEO_KIM89\.m2\repository\io\netty\netty-tcnative-boringssl-static\2.0.62.Final\netty-tcnative-boringssl-static-2.0.62.Final-windows-x86_64.jar;C:\Users\MZC01-MINSEO_KIM89\.m2\repository\io\projectreactor\netty\reactor-netty-http\1.0.40\reactor-netty-http-1.0.40.jar;C:\Users\MZC01-MINSEO_KIM89\.m2\repository\io\netty\netty-resolver-dns\4.1.101.Final\netty-resolver-dns-4.1.101.Final.jar;C:\Users\MZC01-MINSEO_KIM89\.m2\repository\io\netty\netty-codec-dns\4.1.101.Final\netty-codec-dns-4.1.101.Final.jar;C:\Users\MZC01-MINSEO_KIM89\.m2\repository\io\netty\netty-resolver-dns-native-macos\4.1.101.Final\netty-resolver-dns-native-macos-4.1.101.Final-osx-x86_64.jar;C:\Users\MZC01-MINSEO_KIM89\.m2\repository\io\netty\netty-resolver-dns-classes-macos\4.1.101.Final\netty-resolver-dns-classes-macos-4.1.101.Final.jar;C:\Users\MZC01-MINSEO_KIM89\.m2\repository\io\projectreactor\netty\reactor-netty-core\1.0.40\reactor-netty-core-1.0.40.jar;C:\Users\MZC01-MINSEO_KIM89\.m2\repository\io\netty\netty-common\4.1.101.Final\netty-common-4.1.101.Final.jar;C:\Users\MZC01-MINSEO_KIM89\.m2\repository\com\azure\azure-storage-common\12.24.3\azure-storage-common-12.24.3.jar;C:\Users\MZC01-MINSEO_KIM89\.m2\repository\com\azure\azure-storage-internal-avro\12.10.3\azure-storage-internal-avro-12.10.3.jar;C:\Users\MZC01-MINSEO_KIM89\.m2\repository\com\fasterxml\jackson\core\jackson-core\2.13.5\jackson-core-2.13.5.jar;C:\Users\MZC01-MINSEO_KIM89\.m2\repository\com\fasterxml\jackson\core\jackson-databind\2.13.5\jackson-databind-2.13.5.jar;C:\Users\MZC01-MINSEO_KIM89\.m2\repository\com\fasterxml\jackson\core\jackson-annotations\2.13.5\jackson-annotations-2.13.5.jar;C:\Users\MZC01-MINSEO_KIM89\.m2\repository\com\fasterxml\jackson\dataformat\jackson-dataformat-xml\2.13.5\jackson-dataformat-xml-2.13.5.jar;C:\Users\MZC01-MINSEO_KIM89\.m2\repository\org\codehaus\woodstox\stax2-api\4.2.1\stax2-api-4.2.1.jar;C:\Users\MZC01-MINSEO_KIM89\.m2\repository\com\fasterxml\woodstox\woodstox-core\6.4.0\woodstox-core-6.4.0.jar;C:\Users\MZC01-MINSEO_KIM89\.m2\repository\com\fasterxml\jackson\datatype\jackson-datatype-jsr310\2.13.5\jackson-datatype-jsr310-2.13.5.jar;"/>
    <property name="java.vm.vendor" value="Eclipse Adoptium"/>
    <property name="sun.arch.data.model" value="64"/>
    <property name="user.variant" value=""/>
    <property name="java.vendor.url" value="https://adoptium.net/"/>
    <property name="user.timezone" value="Asia/Seoul"/>
    <property name="os.name" value="Windows 10"/>
    <property name="java.vm.specification.version" value="17"/>
    <property name="sun.java.launcher" value="SUN_STANDARD"/>
    <property name="user.country" value="KR"/>
    <property name="sun.boot.library.path" value="D:\EnvironmentVariable\jdk-17.0.6+10\bin"/>
    <property name="sun.java.command" value="C:\Users\MZC01-MINSEO_KIM89\AppData\Local\Temp\surefire11576958809618085020\surefirebooter-20240416111923128_3.jar C:\Users\MZC01-MINSEO_KIM89\AppData\Local\Temp\surefire11576958809618085020 2024-04-16T11-19-22_776-jvmRun1 surefire-20240416111923128_1tmp surefire_0-20240416111923128_2tmp"/>
    <property name="jdk.debug" value="release"/>
    <property name="surefire.test.class.path" value="D:\GIT\PROJECT\Azure\Functions\Java\target\test-classes;D:\GIT\PROJECT\Azure\Functions\Java\target\classes;C:\Users\MZC01-MINSEO_KIM89\.m2\repository\com\microsoft\azure\functions\azure-functions-java-library\3.1.0\azure-functions-java-library-3.1.0.jar;C:\Users\MZC01-MINSEO_KIM89\.m2\repository\com\microsoft\azure\functions\azure-functions-java-core-library\1.2.0\azure-functions-java-core-library-1.2.0.jar;C:\Users\MZC01-MINSEO_KIM89\.m2\repository\org\junit\jupiter\junit-jupiter\5.4.2\junit-jupiter-5.4.2.jar;C:\Users\MZC01-MINSEO_KIM89\.m2\repository\org\junit\jupiter\junit-jupiter-api\5.4.2\junit-jupiter-api-5.4.2.jar;C:\Users\MZC01-MINSEO_KIM89\.m2\repository\org\apiguardian\apiguardian-api\1.0.0\apiguardian-api-1.0.0.jar;C:\Users\MZC01-MINSEO_KIM89\.m2\repository\org\opentest4j\opentest4j\1.1.1\opentest4j-1.1.1.jar;C:\Users\MZC01-MINSEO_KIM89\.m2\repository\org\junit\platform\junit-platform-commons\1.4.2\junit-platform-commons-1.4.2.jar;C:\Users\MZC01-MINSEO_KIM89\.m2\repository\org\junit\jupiter\junit-jupiter-params\5.4.2\junit-jupiter-params-5.4.2.jar;C:\Users\MZC01-MINSEO_KIM89\.m2\repository\org\junit\jupiter\junit-jupiter-engine\5.4.2\junit-jupiter-engine-5.4.2.jar;C:\Users\MZC01-MINSEO_KIM89\.m2\repository\org\junit\platform\junit-platform-engine\1.4.2\junit-platform-engine-1.4.2.jar;C:\Users\MZC01-MINSEO_KIM89\.m2\repository\org\mockito\mockito-core\2.23.4\mockito-core-2.23.4.jar;C:\Users\MZC01-MINSEO_KIM89\.m2\repository\net\bytebuddy\byte-buddy\1.9.3\byte-buddy-1.9.3.jar;C:\Users\MZC01-MINSEO_KIM89\.m2\repository\net\bytebuddy\byte-buddy-agent\1.9.3\byte-buddy-agent-1.9.3.jar;C:\Users\MZC01-MINSEO_KIM89\.m2\repository\org\objenesis\objenesis\2.6\objenesis-2.6.jar;C:\Users\MZC01-MINSEO_KIM89\.m2\repository\com\microsoft\azure\azure-storage\8.6.5\azure-storage-8.6.5.jar;C:\Users\MZC01-MINSEO_KIM89\.m2\repository\org\slf4j\slf4j-api\1.7.12\slf4j-api-1.7.12.jar;C:\Users\MZC01-MINSEO_KIM89\.m2\repository\org\apache\commons\commons-lang3\3.4\commons-lang3-3.4.jar;C:\Users\MZC01-MINSEO_KIM89\.m2\repository\com\microsoft\azure\azure-keyvault-core\1.0.0\azure-keyvault-core-1.0.0.jar;C:\Users\MZC01-MINSEO_KIM89\.m2\repository\com\google\guava\guava\20.0\guava-20.0.jar;C:\Users\MZC01-MINSEO_KIM89\.m2\repository\net\coobird\thumbnailator\0.4.8\thumbnailator-0.4.8.jar;C:\Users\MZC01-MINSEO_KIM89\.m2\repository\com\azure\azure-storage-blob\12.25.3\azure-storage-blob-12.25.3.jar;C:\Users\MZC01-MINSEO_KIM89\.m2\repository\com\azure\azure-core\1.47.0\azure-core-1.47.0.jar;C:\Users\MZC01-MINSEO_KIM89\.m2\repository\com\azure\azure-json\1.1.0\azure-json-1.1.0.jar;C:\Users\MZC01-MINSEO_KIM89\.m2\repository\io\projectreactor\reactor-core\3.4.34\reactor-core-3.4.34.jar;C:\Users\MZC01-MINSEO_KIM89\.m2\repository\org\reactivestreams\reactive-streams\1.0.4\reactive-streams-1.0.4.jar;C:\Users\MZC01-MINSEO_KIM89\.m2\repository\com\azure\azure-core-http-netty\1.14.1\azure-core-http-netty-1.14.1.jar;C:\Users\MZC01-MINSEO_KIM89\.m2\repository\io\netty\netty-handler\4.1.101.Final\netty-handler-4.1.101.Final.jar;C:\Users\MZC01-MINSEO_KIM89\.m2\repository\io\netty\netty-resolver\4.1.101.Final\netty-resolver-4.1.101.Final.jar;C:\Users\MZC01-MINSEO_KIM89\.m2\repository\io\netty\netty-transport\4.1.101.Final\netty-transport-4.1.101.Final.jar;C:\Users\MZC01-MINSEO_KIM89\.m2\repository\io\netty\netty-handler-proxy\4.1.101.Final\netty-handler-proxy-4.1.101.Final.jar;C:\Users\MZC01-MINSEO_KIM89\.m2\repository\io\netty\netty-codec-socks\4.1.101.Final\netty-codec-socks-4.1.101.Final.jar;C:\Users\MZC01-MINSEO_KIM89\.m2\repository\io\netty\netty-buffer\4.1.101.Final\netty-buffer-4.1.101.Final.jar;C:\Users\MZC01-MINSEO_KIM89\.m2\repository\io\netty\netty-codec\4.1.101.Final\netty-codec-4.1.101.Final.jar;C:\Users\MZC01-MINSEO_KIM89\.m2\repository\io\netty\netty-codec-http\4.1.101.Final\netty-codec-http-4.1.101.Final.jar;C:\Users\MZC01-MINSEO_KIM89\.m2\repository\io\netty\netty-codec-http2\4.1.101.Final\netty-codec-http2-4.1.101.Final.jar;C:\Users\MZC01-MINSEO_KIM89\.m2\repository\io\netty\netty-transport-native-unix-common\4.1.101.Final\netty-transport-native-unix-common-4.1.101.Final.jar;C:\Users\MZC01-MINSEO_KIM89\.m2\repository\io\netty\netty-transport-native-epoll\4.1.101.Final\netty-transport-native-epoll-4.1.101.Final-linux-x86_64.jar;C:\Users\MZC01-MINSEO_KIM89\.m2\repository\io\netty\netty-transport-classes-epoll\4.1.101.Final\netty-transport-classes-epoll-4.1.101.Final.jar;C:\Users\MZC01-MINSEO_KIM89\.m2\repository\io\netty\netty-transport-native-kqueue\4.1.101.Final\netty-transport-native-kqueue-4.1.101.Final-osx-x86_64.jar;C:\Users\MZC01-MINSEO_KIM89\.m2\repository\io\netty\netty-transport-classes-kqueue\4.1.101.Final\netty-transport-classes-kqueue-4.1.101.Final.jar;C:\Users\MZC01-MINSEO_KIM89\.m2\repository\io\netty\netty-tcnative-boringssl-static\2.0.62.Final\netty-tcnative-boringssl-static-2.0.62.Final.jar;C:\Users\MZC01-MINSEO_KIM89\.m2\repository\io\netty\netty-tcnative-classes\2.0.62.Final\netty-tcnative-classes-2.0.62.Final.jar;C:\Users\MZC01-MINSEO_KIM89\.m2\repository\io\netty\netty-tcnative-boringssl-static\2.0.62.Final\netty-tcnative-boringssl-static-2.0.62.Final-linux-x86_64.jar;C:\Users\MZC01-MINSEO_KIM89\.m2\repository\io\netty\netty-tcnative-boringssl-static\2.0.62.Final\netty-tcnative-boringssl-static-2.0.62.Final-linux-aarch_64.jar;C:\Users\MZC01-MINSEO_KIM89\.m2\repository\io\netty\netty-tcnative-boringssl-static\2.0.62.Final\netty-tcnative-boringssl-static-2.0.62.Final-osx-x86_64.jar;C:\Users\MZC01-MINSEO_KIM89\.m2\repository\io\netty\netty-tcnative-boringssl-static\2.0.62.Final\netty-tcnative-boringssl-static-2.0.62.Final-osx-aarch_64.jar;C:\Users\MZC01-MINSEO_KIM89\.m2\repository\io\netty\netty-tcnative-boringssl-static\2.0.62.Final\netty-tcnative-boringssl-static-2.0.62.Final-windows-x86_64.jar;C:\Users\MZC01-MINSEO_KIM89\.m2\repository\io\projectreactor\netty\reactor-netty-http\1.0.40\reactor-netty-http-1.0.40.jar;C:\Users\MZC01-MINSEO_KIM89\.m2\repository\io\netty\netty-resolver-dns\4.1.101.Final\netty-resolver-dns-4.1.101.Final.jar;C:\Users\MZC01-MINSEO_KIM89\.m2\repository\io\netty\netty-codec-dns\4.1.101.Final\netty-codec-dns-4.1.101.Final.jar;C:\Users\MZC01-MINSEO_KIM89\.m2\repository\io\netty\netty-resolver-dns-native-macos\4.1.101.Final\netty-resolver-dns-native-macos-4.1.101.Final-osx-x86_64.jar;C:\Users\MZC01-MINSEO_KIM89\.m2\repository\io\netty\netty-resolver-dns-classes-macos\4.1.101.Final\netty-resolver-dns-classes-macos-4.1.101.Final.jar;C:\Users\MZC01-MINSEO_KIM89\.m2\repository\io\projectreactor\netty\reactor-netty-core\1.0.40\reactor-netty-core-1.0.40.jar;C:\Users\MZC01-MINSEO_KIM89\.m2\repository\io\netty\netty-common\4.1.101.Final\netty-common-4.1.101.Final.jar;C:\Users\MZC01-MINSEO_KIM89\.m2\repository\com\azure\azure-storage-common\12.24.3\azure-storage-common-12.24.3.jar;C:\Users\MZC01-MINSEO_KIM89\.m2\repository\com\azure\azure-storage-internal-avro\12.10.3\azure-storage-internal-avro-12.10.3.jar;C:\Users\MZC01-MINSEO_KIM89\.m2\repository\com\fasterxml\jackson\core\jackson-core\2.13.5\jackson-core-2.13.5.jar;C:\Users\MZC01-MINSEO_KIM89\.m2\repository\com\fasterxml\jackson\core\jackson-databind\2.13.5\jackson-databind-2.13.5.jar;C:\Users\MZC01-MINSEO_KIM89\.m2\repository\com\fasterxml\jackson\core\jackson-annotations\2.13.5\jackson-annotations-2.13.5.jar;C:\Users\MZC01-MINSEO_KIM89\.m2\repository\com\fasterxml\jackson\dataformat\jackson-dataformat-xml\2.13.5\jackson-dataformat-xml-2.13.5.jar;C:\Users\MZC01-MINSEO_KIM89\.m2\repository\org\codehaus\woodstox\stax2-api\4.2.1\stax2-api-4.2.1.jar;C:\Users\MZC01-MINSEO_KIM89\.m2\repository\com\fasterxml\woodstox\woodstox-core\6.4.0\woodstox-core-6.4.0.jar;C:\Users\MZC01-MINSEO_KIM89\.m2\repository\com\fasterxml\jackson\datatype\jackson-datatype-jsr310\2.13.5\jackson-datatype-jsr310-2.13.5.jar;"/>
    <property name="sun.cpu.endian" value="little"/>
    <property name="user.home" value="C:\Users\MZC01-MINSEO_KIM89"/>
    <property name="user.language" value="ko"/>
    <property name="java.specification.vendor" value="Oracle Corporation"/>
    <property name="java.version.date" value="2023-01-17"/>
    <property name="java.home" value="D:\EnvironmentVariable\jdk-17.0.6+10"/>
    <property name="file.separator" value="\"/>
    <property name="basedir" value="D:\GIT\PROJECT\Azure\Functions\Java"/>
    <property name="java.vm.compressedOopsMode" value="Zero based"/>
    <property name="line.separator" value="&#10;"/>
    <property name="java.vm.specification.vendor" value="Oracle Corporation"/>
    <property name="java.specification.name" value="Java Platform API Specification"/>
    <property name="surefire.real.class.path" value="C:\Users\MZC01-MINSEO_KIM89\AppData\Local\Temp\surefire11576958809618085020\surefirebooter-20240416111923128_3.jar"/>
    <property name="user.script" value=""/>
    <property name="sun.management.compiler" value="HotSpot 64-Bit Tiered Compilers"/>
    <property name="java.runtime.version" value="17.0.6+10"/>
    <property name="user.name" value="MZC01-MINSEO_KIM89"/>
    <property name="path.separator" value=";"/>
    <property name="os.version" value="10.0"/>
    <property name="java.runtime.name" value="OpenJDK Runtime Environment"/>
    <property name="file.encoding" value="MS949"/>
    <property name="java.vm.name" value="OpenJDK 64-Bit Server VM"/>
    <property name="java.vendor.version" value="Temurin-17.0.6+10"/>
    <property name="localRepository" value="C:\Users\MZC01-MINSEO_KIM89\.m2\repository"/>
    <property name="java.vendor.url.bug" value="https://github.com/adoptium/adoptium-support/issues"/>
    <property name="java.io.tmpdir" value="C:\Users\MZC01-~1\AppData\Local\Temp\"/>
    <property name="java.version" value="17.0.6"/>
    <property name="user.dir" value="D:\GIT\PROJECT\Azure\Functions\Java"/>
    <property name="os.arch" value="amd64"/>
    <property name="java.vm.specification.name" value="Java Virtual Machine Specification"/>
    <property name="sun.os.patch.level" value=""/>
    <property name="native.encoding" value="MS949"/>
    <property name="java.library.path" value="D:\EnvironmentVariable\jdk-17.0.6+10\bin;C:\Windows\Sun\Java\bin;C:\Windows\system32;C:\Windows;D:\EnvironmentVariable\jdk-17.0.6+10\bin;C:\Program Files (x86)\Microsoft SDKs\Azure\CLI2\wbin;C:\Ruby31-x64\bin;C:\Windows\system32;C:\Windows;C:\Windows\System32\Wbem;C:\Windows\System32\WindowsPowerShell\v1.0\;C:\Windows\System32\OpenSSH\;C:\Program Files\Bandizip\;C:\Program Files\PuTTY\;C:\Program Files\Microsoft\Azure Functions Core Tools\;C:\Program Files\nodejs\;C:\Program Files\Git\cmd;C:\Program Files\dotnet\;D:\EnvironmentVariable\apache-maven-3.9.4\bin;C:\Program Files\Rancher Desktop\resources\resources\win32\bin\;C:\Program Files\Rancher Desktop\resources\resources\linux\bin\;C:\ProgramData\chocolatey\bin;C:\Users\MZC01-MINSEO_KIM89\AppData\Local\Microsoft\WindowsApps;C:\Users\MZC01-MINSEO_KIM89\AppData\Local\Programs\Microsoft VS Code\bin;C:\Program Files\JetBrains\IntelliJ IDEA Community Edition 2022.3\bin;C:\Users\MZC01-MINSEO_KIM89\AppData\Local\Programs\Azure Data Studio\bin;C:\Users\MZC01-MINSEO_KIM89\AppData\Roaming\npm;D:\terraform;D:\USB\eclipse\jdk\jdk-17.0.6+10\bin;C:\Users\MZC01-MINSEO_KIM89\.dotnet\tools;C:\Users\MZC01-MINSEO_KIM89\.azure-kubectl;C:\Users\MZC01-MINSEO_KIM89\.azure-kubelogin;;."/>
    <property name="java.vm.info" value="mixed mode, sharing"/>
    <property name="java.vendor" value="Eclipse Adoptium"/>
    <property name="java.vm.version" value="17.0.6+10"/>
    <property name="sun.io.unicode.encoding" value="UnicodeLittle"/>
    <property name="java.class.version" value="61.0"/>
  </properties>
  <testcase name="testHttpTriggerJava" classname="com.function.kms.FunctionTest" time="0.451">
    <system-err><![CDATA[4월 16, 2024 11:19:24 오전 com.function.kms.Function run
정보: Java HTTP trigger processed a request.
]]></system-err>
  </testcase>
</testsuite>